android/app/build/outputs/mapping/release/seeds.txt
com.helloreact.MainActivity
com.helloreact.MainActivity: MainActivity()
com.helloreact.MainApplication
com.helloreact.MainApplication: MainApplication()
com.helloreact.R$anim: int abc_fade_in
com.helloreact.R$anim: int abc_fade_out
com.helloreact.R$anim: int abc_grow_fade_in_from_bottom
com.helloreact.R$anim: int abc_popup_enter
com.helloreact.R$anim: int abc_popup_exit
com.helloreact.R$anim: int abc_shrink_fade_out_from_bottom
com.helloreact.R$anim: int abc_slide_in_bottom
com.helloreact.R$anim: int abc_slide_in_top
com.helloreact.R$anim: int abc_slide_out_bottom
com.helloreact.R$anim: int abc_slide_out_top
com.helloreact.R$anim: int catalyst_push_up_in
com.helloreact.R$anim: int catalyst_push_up_out
com.helloreact.R$anim: int fade_in
com.helloreact.R$anim: int fade_out
com.helloreact.R$anim: int slide_down
com.helloreact.R$anim: int slide_up
com.helloreact.R$attr: int actionBarDivider
com.helloreact.R$attr: int actionBarItemBackground
com.helloreact.R$attr: int actionBarPopupTheme
com.helloreact.R$attr: int actionBarSize
com.helloreact.R$attr: int actionBarSplitStyle
com.helloreact.R$attr: int actionBarStyle
com.helloreact.R$attr: int actionBarTabBarStyle
com.helloreact.R$attr: int actionBarTabStyle
com.helloreact.R$attr: int actionBarTabTextStyle
com.helloreact.R$attr: int actionBarTheme
com.helloreact.R$attr: int actionBarWidgetTheme
com.helloreact.R$attr: int actionButtonStyle
com.helloreact.R$attr: int actionDropDownStyle
com.helloreact.R$attr: int actionLayout
com.helloreact.R$attr: int actionMenuTextAppearance
com.helloreact.R$attr: int actionMenuTextColor
com.helloreact.R$attr: int actionModeBackground
com.helloreact.R$attr: int actionModeCloseButtonStyle
com.helloreact.R$attr: int actionModeCloseDrawable
com.helloreact.R$attr: int actionModeCopyDrawable
com.helloreact.R$attr: int actionModeCutDrawable
com.helloreact.R$attr: int actionModeFindDrawable
com.helloreact.R$attr: int actionModePasteDrawable
com.helloreact.R$attr: int actionModePopupWindowStyle
com.helloreact.R$attr: int actionModeSelectAllDrawable
com.helloreact.R$attr: int actionModeShareDrawable
com.helloreact.R$attr: int actionModeSplitBackground
com.helloreact.R$attr: int actionModeStyle
com.helloreact.R$attr: int actionModeWebSearchDrawable
com.helloreact.R$attr: int actionOverflowButtonStyle
com.helloreact.R$bool: int abc_action_bar_embed_tabs
com.helloreact.R$bool: int abc_action_bar_embed_tabs_pre_jb
com.helloreact.R$bool: int abc_action_bar_expanded_action_views_exclusive
com.helloreact.R$bool: int abc_config_actionMenuItemAllCaps
com.helloreact.R$bool: int abc_config_allowActionMenuItemTextWithIcon
com.helloreact.R$bool: int abc_config_closeDialogWhenTouchOutside
com.helloreact.R$bool: int abc_config_showMenuShortcutsWhenKeyboardPresent
...
com.facebook.react.bridge.ExecutorToken
com.facebook.react.bridge.ExecutorToken: ExecutorToken(com.facebook.jni.HybridData)
com.facebook.react.bridge.Inspector
com.facebook.react.bridge.Inspector: com.facebook.react.bridge.Inspector instance()
com.facebook.react.bridge.Inspector: com.facebook.react.bridge.Inspector$Page[] getPagesNative()
com.facebook.react.bridge.Inspector: com.facebook.react.bridge.Inspector$LocalConnection connectNative(int,com.facebook.react.bridge.Inspector$RemoteConnection)
com.facebook.react.bridge.Inspector$LocalConnection
com.facebook.react.bridge.Inspector$LocalConnection: void sendMessage(java.lang.String)
com.facebook.react.bridge.Inspector$LocalConnection: void disconnect()
com.facebook.react.bridge.Inspector$Page
com.facebook.react.bridge.Inspector$RemoteConnection
com.facebook.react.bridge.InvalidIteratorException
com.facebook.react.bridge.InvalidIteratorException: InvalidIteratorException(java.lang.String)
com.facebook.react.bridge.JavaJSExecutor
com.facebook.react.bridge.JavaJSExecutor: void loadApplicationScript(java.lang.String)
com.facebook.react.bridge.JavaJSExecutor: java.lang.String executeJSCall(java.lang.String,java.lang.String)
com.facebook.react.bridge.JavaJSExecutor: void setGlobalVariable(java.lang.String,java.lang.String)
com.facebook.react.bridge.JavaScriptModule
com.facebook.react.bridge.JsonWriter$Scope: com.facebook.react.bridge.JsonWriter$Scope[] values()
com.facebook.react.bridge.JsonWriter$Scope: com.facebook.react.bridge.JsonWriter$Scope valueOf(java.lang.String)
com.facebook.react.bridge.MemoryPressure: com.facebook.react.bridge.MemoryPressure[] values()
com.facebook.react.bridge.MemoryPressure: com.facebook.react.bridge.MemoryPressure valueOf(java.lang.String)
com.facebook.react.bridge.NativeArray
com.facebook.react.bridge.NativeArray: com.facebook.jni.HybridData mHybridData
com.facebook.react.bridge.NativeArray: java.lang.String toString()
com.facebook.react.bridge.NativeMap
com.facebook.react.bridge.NativeMap: com.facebook.jni.HybridData mHybridData
com.facebook.react.bridge.NativeMap: java.lang.String toString()
com.facebook.react.bridge.NoSuchKeyException
com.facebook.react.bridge.NoSuchKeyException: NoSuchKeyException(java.lang.String)
com.facebook.react.bridge.ObjectAlreadyConsumedException
com.facebook.react.bridge.ObjectAlreadyConsumedException: ObjectAlreadyConsumedException(java.lang.String)
com.facebook.react.bridge.ReactContextBaseJavaModule
com.facebook.react.bridge.ReactContextBaseJavaModule: com.facebook.react.bridge.ReactApplicationContext mReactApplicationContext
com.facebook.react.bridge.ReactContextBaseJavaModule: ReactContextBaseJavaModule(com.facebook.react.bridge.ReactApplicationContext)
com.facebook.react.bridge.ReactContextBaseJavaModule: com.facebook.react.bridge.ReactApplicationContext getReactApplicationContext()
com.facebook.react.bridge.ReactContextBaseJavaModule: android.app.Activity getCurrentActivity()
com.facebook.react.bridge.ReactMarker
com.facebook.react.bridge.ReactMarker: void logMarker(java.lang.String)
com.facebook.react.bridge.ReadableMapKeySetIterator
com.facebook.react.bridge.ReadableNativeArray
com.facebook.react.bridge.ReadableNativeArray: int size()
com.facebook.react.bridge.ReadableNativeArray: boolean isNull(int)
com.facebook.react.bridge.ReadableNativeArray: boolean getBoolean(int)
com.facebook.react.bridge.ReadableNativeArray: double getDouble(int)
com.facebook.react.bridge.ReadableNativeArray: int getInt(int)
com.facebook.react.bridge.ReadableNativeArray: java.lang.String getString(int)
com.facebook.react.bridge.ReadableNativeArray: com.facebook.react.bridge.ReadableNativeArray getArray(int)
com.facebook.react.bridge.ReadableNativeArray: com.facebook.react.bridge.ReadableNativeMap getMap(int)
com.facebook.react.bridge.ReadableNativeArray: com.facebook.react.bridge.ReadableType getType(int)