android/app/build/outputs/mapping/release/usage.txt
com.helloreact.BuildConfig
com.helloreact.R
com.helloreact.R$anim
com.helloreact.R$attr
com.helloreact.R$bool
com.helloreact.R$color
com.helloreact.R$dimen
com.helloreact.R$drawable
com.helloreact.R$id
com.helloreact.R$integer
com.helloreact.R$layout
com.helloreact.R$mipmap
com.helloreact.R$string
com.helloreact.R$style
com.helloreact.R$styleable
com.helloreact.R$xml
...
android.support.v4.media.session.MediaControllerCompat$PlaybackInfo
android.support.v4.media.session.MediaControllerCompat$TransportControls
android.support.v4.media.session.MediaControllerCompat$TransportControlsApi21
android.support.v4.media.session.MediaControllerCompat$TransportControlsApi23
android.support.v4.media.session.MediaControllerCompat$TransportControlsBase
android.support.v4.media.session.MediaControllerCompatApi21
android.support.v4.media.session.MediaControllerCompatApi21$Callback
android.support.v4.media.session.MediaControllerCompatApi21$CallbackProxy
android.support.v4.media.session.MediaControllerCompatApi21$PlaybackInfo
android.support.v4.media.session.MediaControllerCompatApi21$TransportControls
android.support.v4.media.session.MediaControllerCompatApi23
android.support.v4.media.session.MediaControllerCompatApi23$TransportControls
android.support.v4.media.session.MediaSessionCompat
android.support.v4.media.session.MediaSessionCompat$1
android.support.v4.media.session.MediaSessionCompat$Callback
android.support.v4.media.session.MediaSessionCompat$Callback$StubApi21
android.support.v4.media.session.MediaSessionCompat$Callback$StubApi23
android.support.v4.media.session.MediaSessionCompat$MediaSessionImpl
android.support.v4.media.session.MediaSessionCompat$MediaSessionImplApi21
android.support.v4.media.session.MediaSessionCompat$MediaSessionImplBase
android.support.v4.media.session.MediaSessionCompat$MediaSessionImplBase$1
android.support.v4.media.session.MediaSessionCompat$MediaSessionImplBase$2
android.support.v4.media.session.MediaSessionCompat$MediaSessionImplBase$Command
android.support.v4.media.session.MediaSessionCompat$MediaSessionImplBase$MediaSessionStub
android.support.v4.media.session.MediaSessionCompat$MediaSessionImplBase$MessageHandler
android.support.v4.media.session.MediaSessionCompat$OnActiveChangeListener
android.support.v4.media.session.MediaSessionCompat$QueueItem
android.support.v4.media.session.MediaSessionCompat$QueueItem$1
android.support.v4.media.session.MediaSessionCompat$ResultReceiverWrapper
android.support.v4.media.session.MediaSessionCompat$ResultReceiverWrapper$1
android.support.v4.media.session.MediaSessionCompat$SessionFlags
android.support.v4.media.session.MediaSessionCompat$Token
android.support.v4.media.session.MediaSessionCompat$Token$1
android.support.v4.media.session.MediaSessionCompatApi14
android.support.v4.media.session.MediaSessionCompatApi18
android.support.v4.media.session.MediaSessionCompatApi18$Callback
android.support.v4.media.session.MediaSessionCompatApi18$OnPlaybackPositionUpdateListener
android.support.v4.media.session.MediaSessionCompatApi19
android.support.v4.media.session.MediaSessionCompatApi19$Callback
android.support.v4.media.session.MediaSessionCompatApi19$OnMetadataUpdateListener
android.support.v4.media.session.MediaSessionCompatApi21
android.support.v4.media.session.MediaSessionCompatApi21$Callback
android.support.v4.media.session.MediaSessionCompatApi21$CallbackProxy
android.support.v4.media.session.MediaSessionCompatApi21$QueueItem
android.support.v4.media.session.MediaSessionCompatApi22
android.support.v4.media.session.MediaSessionCompatApi23
android.support.v4.media.session.MediaSessionCompatApi23$Callback
android.support.v4.media.session.MediaSessionCompatApi23$CallbackProxy
android.support.v4.media.session.MediaSessionCompatApi8
android.support.v4.media.session.ParcelableVolumeInfo
android.support.v4.media.session.ParcelableVolumeInfo$1
android.support.v4.media.session.PlaybackStateCompat
android.support.v4.media.session.PlaybackStateCompat$1
android.support.v4.media.session.PlaybackStateCompat$Actions
android.support.v4.media.session.PlaybackStateCompat$Builder
android.support.v4.media.session.PlaybackStateCompat$CustomAction
android.support.v4.media.session.PlaybackStateCompat$CustomAction$1
android.support.v4.media.session.PlaybackStateCompat$CustomAction$Builder
android.support.v4.media.session.PlaybackStateCompat$State